{"total": {"lines":{"total":37,"covered":33,"skipped":0,"pct":89.18},"statements":{"total":37,"covered":33,"skipped":0,"pct":89.18},"functions":{"total":9,"covered":7,"skipped":0,"pct":77.77},"branches":{"total":6,"covered":3,"skipped":0,"pct":50},"branchesTrue":{"total":0,"covered":0,"skipped":0,"pct":"Unknown"}}
,"/home/omar_adel/solar-system-CI-CD-/app.js": {"lines":{"total":37,"covered":33,"skipped":0,"pct":89.18},"functions":{"total":9,"covered":7,"skipped":0,"pct":77.77},"statements":{"total":37,"covered":33,"skipped":0,"pct":89.18},"branches":{"total":6,"covered":3,"skipped":0,"pct":50}}
}
