TN:
SF:app.js
FN:17,(anonymous_0)
FN:18,(anonymous_1)
FN:33,(anonymous_2)
FN:37,(anonymous_3)
FN:51,(anonymous_4)
FN:55,(anonymous_5)
FN:62,(anonymous_6)
FN:66,(anonymous_7)
FN:71,(anonymous_8)
FNF:9
FNH:7
FNDA:1,(anonymous_0)
FNDA:0,(anonymous_1)
FNDA:8,(anonymous_2)
FNDA:8,(anonymous_3)
FNDA:0,(anonymous_4)
FNDA:1,(anonymous_5)
FNDA:1,(anonymous_6)
FNDA:1,(anonymous_7)
FNDA:1,(anonymous_8)
DA:1,1
DA:3,1
DA:4,1
DA:5,1
DA:6,1
DA:7,1
DA:8,1
DA:10,1
DA:12,1
DA:13,1
DA:14,1
DA:16,1
DA:17,1
DA:18,0
DA:20,1
DA:22,1
DA:31,1
DA:33,1
DA:35,8
DA:37,8
DA:39,8
DA:40,0
DA:43,8
DA:44,8
DA:47,0
DA:51,1
DA:52,0
DA:55,1
DA:56,1
DA:62,1
DA:63,1
DA:66,1
DA:67,1
DA:70,1
DA:71,1
DA:72,1
DA:76,1
LF:37
LH:33
BRDA:39,0,0,0
BRDA:39,0,1,8
BRDA:43,1,0,8
BRDA:43,1,1,0
BRDA:70,2,0,1
BRDA:70,2,1,0
BRF:6
BRH:3
end_of_record
